<?xml version="1.0" encoding="UTF-8"?>
<!-- Generated by org.testng.reporters.JUnitXMLReporter -->
<testsuite ignored="0" hostname="EC2AMAZ-8KL45D2" failures="0" tests="3" name="test-1" time="25.078" errors="0" timestamp="2024-09-27T07:17:37 UTC">
  <testcase classname="com.WebOrders.test.WebOrders_Login" name="loginTest" time="7.084"/>
  <testcase classname="com.WebOrders.test.WebOrders_Login" name="urlTest" time="6.438"/>
  <testcase classname="com.WebOrders.test.WebOrders_Login" name="verifyText" time="6.586"/>
</testsuite> <!-- test-1 -->
