<?xml version="1.0" encoding="UTF-8"?>
<!-- Generated by org.testng.reporters.JUnitReportReporter -->
<testsuite hostname="EC2AMAZ-8KL45D2" failures="0" tests="3" name="com.WebOrders.test.WebOrders_Login" time="20.120" errors="0" timestamp="2024-09-27T07:17:37 UTC" skipped="0">
  <testcase classname="com.WebOrders.test.WebOrders_Login" name="loginTest" time="7.084"/>
  <system-out/>
  <testcase classname="com.WebOrders.test.WebOrders_Login" name="urlTest" time="6.450"/>
  <system-out/>
  <testcase classname="com.WebOrders.test.WebOrders_Login" name="verifyText" time="6.586"/>
  <system-out/>
</testsuite> <!-- com.WebOrders.test.WebOrders_Login -->
